<?xml version="1.0" encoding="UTF-8"?>
<!-- Generated by org.testng.reporters.JUnitXMLReporter -->
<testsuite ignored="0" hostname="LAPTOP-VTR22OTJ" failures="1" tests="2" name="Test" time="17.147" errors="0" timestamp="2025-02-10T20:50:03 IST">
  <testcase classname="com.itlearn.testcases.DashBoardTest" name="VerifyLogin" time="4.126">
    <failure type="java.lang.AssertionError">
      <![CDATA[java.lang.AssertionError
at org.junit.Assert.fail(Assert.java:87)
at org.junit.Assert.assertTrue(Assert.java:42)
at org.junit.Assert.assertTrue(Assert.java:53)
at com.itlearn.testcases.DashBoardTest.VerifyLogin(DashBoardTest.java:35)
at java.base/java.util.ArrayList.forEach(ArrayList.java:1511)
... Removed 27 stack frames]]>
    </failure>
  </testcase> <!-- VerifyLogin -->
  <testcase classname="com.itlearn.testcases.DashBoardTest" name="fetchDashboardText" time="4.556"/>
</testsuite> <!-- Test -->
